Using pre-set license
Built from '2020.2/staging' branch; Version is '2020.2.3f1 (8ff31bc5bf5b) revision 9433883'; Using compiler version '192528614'; Build Type 'Release'
OS: 'Windows 10 Home; OS build 19041.867; Version 2004; 64bit' Language: 'en' Physical Memory: 16269 MB
BatchMode: 1, IsHumanControllingUs: 0, StartBugReporterOnCrash: 0, Is64bit: 1, IsPro: 0

 COMMAND LINE ARGUMENTS:
C:\Program Files\Unity\Hub\Editor\2020.2.3f1\Editor\Unity.exe
-adb2
-batchMode
-noUpm
-name
AssetImportWorker0
-projectPath
C:/Users/George Tang/Documents/GitHub/Assignment-10/Assignment 10
-logFile
Logs/AssetImportWorker0.log
-srvPort
53997
Successfully changed project path to: C:/Users/George Tang/Documents/GitHub/Assignment-10/Assignment 10
C:/Users/George Tang/Documents/GitHub/Assignment-10/Assignment 10
Using Asset Import Pipeline V2.
Refreshing native plugins compatible for Editor in 25.81 ms, found 0 plugins.
Preloading 0 native plugins for Editor in 0.00 ms.
Initialize engine version: 2020.2.3f1 (8ff31bc5bf5b)
[Subsystems] Discovering subsystems at path C:/Program Files/Unity/Hub/Editor/2020.2.3f1/Editor/Data/Resources/UnitySubsystems
[Subsystems] Discovering subsystems at path C:/Users/George Tang/Documents/GitHub/Assignment-10/Assignment 10/Assets
GfxDevice: creating device client; threaded=0
Direct3D:
    Version:  Direct3D 11.0 [level 11.1]
    Renderer: NVIDIA GeForce GTX 1070 (ID=0x1ba1)
    Vendor:   
    VRAM:     8081 MB
    Driver:   27.21.14.6140
Initialize mono
Mono path[0] = 'C:/Program Files/Unity/Hub/Editor/2020.2.3f1/Editor/Data/Managed'
Mono path[1] = 'C:/Program Files/Unity/Hub/Editor/2020.2.3f1/Editor/Data/MonoBleedingEdge/lib/mono/unityjit'
Mono config path = 'C:/Program Files/Unity/Hub/Editor/2020.2.3f1/Editor/Data/MonoBleedingEdge/etc'
Using monoOptions --debugger-agent=transport=dt_socket,embedding=1,server=y,suspend=n,address=127.0.0.1:56412
Begin MonoManager ReloadAssembly
Registering precompiled unity dll's ...
Register platform support module: C:/Program Files/Unity/Hub/Editor/2020.2.3f1/Editor/Data/PlaybackEngines/WebGLSupport/UnityEditor.WebGL.Extensions.dll
Register platform support module: C:/Program Files/Unity/Hub/Editor/2020.2.3f1/Editor/Data/PlaybackEngines/WindowsStandaloneSupport/UnityEditor.WindowsStandalone.Extensions.dll
Registered in 0.002710 seconds.
Native extension for WindowsStandalone target not found
Native extension for WebGL target not found
Refreshing native plugins compatible for Editor in 24.93 ms, found 0 plugins.
Preloading 0 native plugins for Editor in 0.00 ms.
Invoked RoslynAnalysisRunner static constructor.
RoslynAnalysisRunner will not be running.
RoslynAnalysisRunner has terminated.
Mono: successfully reloaded assembly
- Completed reload, in  1.344 seconds
Platform modules already initialized, skipping
Registering precompiled user dll's ...
Registered in 0.000740 seconds.
Begin MonoManager ReloadAssembly
Native extension for WindowsStandalone target not found
Native extension for WebGL target not found
Refreshing native plugins compatible for Editor in 0.22 ms, found 0 plugins.
Preloading 0 native plugins for Editor in 0.00 ms.
Invoked RoslynAnalysisRunner static constructor.
RoslynAnalysisRunner will not be running.
RoslynAnalysisRunner has terminated.
Mono: successfully reloaded assembly
- Completed reload, in  0.929 seconds
Platform modules already initialized, skipping
========================================================================
Worker process is ready to serve import requests
Launched and connected shader compiler UnityShaderCompiler.exe after 0.05 seconds
Refreshing native plugins compatible for Editor in 0.36 ms, found 0 plugins.
Preloading 0 native plugins for Editor in 0.00 ms.
Unloading 1113 Unused Serialized files (Serialized files now loaded: 0)
System memory in use before: 56.9 MB.
System memory in use after: 57.0 MB.

Unloading 10 unused Assets to reduce memory usage. Loaded Objects now: 1555.
Total: 2.689700 ms (FindLiveObjects: 0.363300 ms CreateObjectMapping: 0.078400 ms MarkObjects: 2.150400 ms  DeleteObjects: 0.096400 ms)

========================================================================
Received Import Request.
  path: Assets/Week11_Object_Pooling_and_Singleton/11.1. Singleton Pattern with Console Output.unity
  artifactKey: Guid(440d183c987071b4396f3fc2542d02ce) Importer(815301076,1909f56bfc062723c751e8b465ee728b)
Start importing Assets/Week11_Object_Pooling_and_Singleton/11.1. Singleton Pattern with Console Output.unity using Guid(440d183c987071b4396f3fc2542d02ce) Importer(815301076,1909f56bfc062723c751e8b465ee728b)  -> (artifact id: '698a317fe1a1068f83f43eb3cab5a8ac') in 0.019790 seconds
  Import took 0.021848 seconds .

========================================================================
Received Import Request.
  Time since last request: 0.637485 seconds.
  path: Assets/Week11_Object_Pooling_and_Singleton/11.1. Singleton Pattern with Console Output.unity
  artifactKey: Guid(440d183c987071b4396f3fc2542d02ce) Importer(815301076,1909f56bfc062723c751e8b465ee728b)
Start importing Assets/Week11_Object_Pooling_and_Singleton/11.1. Singleton Pattern with Console Output.unity using Guid(440d183c987071b4396f3fc2542d02ce) Importer(815301076,1909f56bfc062723c751e8b465ee728b)  -> (artifact id: '698a317fe1a1068f83f43eb3cab5a8ac') in 0.003612 seconds
  Import took 0.005554 seconds .

========================================================================
Received Import Request.
  Time since last request: 6.757978 seconds.
  path: Assets/Week11_Object_Pooling_and_Singleton/11.2. Persistant Singleton GameManager with Generics (Must Add Scenes to File - Build Settings).unity
  artifactKey: Guid(1478289592dd3794eb277763812834c2) Importer(815301076,1909f56bfc062723c751e8b465ee728b)
Start importing Assets/Week11_Object_Pooling_and_Singleton/11.2. Persistant Singleton GameManager with Generics (Must Add Scenes to File - Build Settings).unity using Guid(1478289592dd3794eb277763812834c2) Importer(815301076,1909f56bfc062723c751e8b465ee728b)  -> (artifact id: '92d2643d32f7510bb94f430b76a6354e') in 0.005099 seconds
  Import took 0.008349 seconds .

========================================================================
Received Import Request.
  Time since last request: 28.523032 seconds.
  path: Assets/Week11_Object_Pooling_and_Singleton/11.3. Object Pooling Pattern with GameObjects.unity
  artifactKey: Guid(1dc6d8851cd76fb41bc677482b25a971) Importer(815301076,1909f56bfc062723c751e8b465ee728b)
Start importing Assets/Week11_Object_Pooling_and_Singleton/11.3. Object Pooling Pattern with GameObjects.unity using Guid(1dc6d8851cd76fb41bc677482b25a971) Importer(815301076,1909f56bfc062723c751e8b465ee728b)  -> (artifact id: '4a4fdc599f756072c6f05ec8e4c2525e') in 0.006010 seconds
  Import took 0.010259 seconds .

========================================================================
Received Prepare
Registering precompiled user dll's ...
Registered in 0.000749 seconds.
Begin MonoManager ReloadAssembly
Native extension for WindowsStandalone target not found
Native extension for WebGL target not found
Refreshing native plugins compatible for Editor in 0.23 ms, found 0 plugins.
Preloading 0 native plugins for Editor in 0.00 ms.
Invoked RoslynAnalysisRunner static constructor.
RoslynAnalysisRunner will not be running.
RoslynAnalysisRunner has terminated.
Mono: successfully reloaded assembly
- Completed reload, in  0.917 seconds
Platform modules already initialized, skipping
Refreshing native plugins compatible for Editor in 0.20 ms, found 0 plugins.
Preloading 0 native plugins for Editor in 0.00 ms.
Unloading 1097 Unused Serialized files (Serialized files now loaded: 0)
System memory in use before: 56.7 MB.
System memory in use after: 56.7 MB.

Unloading 16 unused Assets to reduce memory usage. Loaded Objects now: 1546.
Total: 2.373600 ms (FindLiveObjects: 0.233100 ms CreateObjectMapping: 0.061500 ms MarkObjects: 1.952400 ms  DeleteObjects: 0.125400 ms)

========================================================================
Received Prepare
Registering precompiled user dll's ...
Registered in 0.000866 seconds.
Begin MonoManager ReloadAssembly
Native extension for WindowsStandalone target not found
Native extension for WebGL target not found
Refreshing native plugins compatible for Editor in 0.19 ms, found 0 plugins.
Preloading 0 native plugins for Editor in 0.00 ms.
Invoked RoslynAnalysisRunner static constructor.
RoslynAnalysisRunner will not be running.
RoslynAnalysisRunner has terminated.
Mono: successfully reloaded assembly
- Completed reload, in  0.888 seconds
Platform modules already initialized, skipping
Refreshing native plugins compatible for Editor in 0.19 ms, found 0 plugins.
Preloading 0 native plugins for Editor in 0.00 ms.
Unloading 1097 Unused Serialized files (Serialized files now loaded: 0)
System memory in use before: 56.7 MB.
System memory in use after: 56.7 MB.

Unloading 5 unused Assets to reduce memory usage. Loaded Objects now: 1548.
Total: 1.918500 ms (FindLiveObjects: 0.149000 ms CreateObjectMapping: 0.045000 ms MarkObjects: 1.613300 ms  DeleteObjects: 0.109500 ms)

========================================================================
Received Import Request.
  Time since last request: 28.902690 seconds.
  path: Assets/Scenes
  artifactKey: Guid(e9fb86a497849a240a9f8d4c36b8b86c) Importer(815301076,1909f56bfc062723c751e8b465ee728b)
Start importing Assets/Scenes using Guid(e9fb86a497849a240a9f8d4c36b8b86c) Importer(815301076,1909f56bfc062723c751e8b465ee728b)  -> (artifact id: '5784bed7f94a8b289a9bd985d31888fb') in 0.010975 seconds
  Import took 0.014803 seconds .

========================================================================
Received Import Request.
  Time since last request: 0.296147 seconds.
  path: Assets/Scenes/SampleScene.unity
  artifactKey: Guid(9fc0d4010bbf28b4594072e72b8655ab) Importer(815301076,1909f56bfc062723c751e8b465ee728b)
Start importing Assets/Scenes/SampleScene.unity using Guid(9fc0d4010bbf28b4594072e72b8655ab) Importer(815301076,1909f56bfc062723c751e8b465ee728b)  -> (artifact id: '486ef5a0bcf281db407d7ba3e409b952') in 0.015763 seconds
  Import took 0.017795 seconds .

========================================================================
Received Prepare
Registering precompiled user dll's ...
Registered in 0.000817 seconds.
Begin MonoManager ReloadAssembly
Native extension for WindowsStandalone target not found
Native extension for WebGL target not found
Refreshing native plugins compatible for Editor in 0.45 ms, found 0 plugins.
Preloading 0 native plugins for Editor in 0.00 ms.
Invoked RoslynAnalysisRunner static constructor.
RoslynAnalysisRunner will not be running.
RoslynAnalysisRunner has terminated.
Mono: successfully reloaded assembly
- Completed reload, in  0.902 seconds
Platform modules already initialized, skipping
Refreshing native plugins compatible for Editor in 0.25 ms, found 0 plugins.
Preloading 0 native plugins for Editor in 0.00 ms.
Unloading 1097 Unused Serialized files (Serialized files now loaded: 0)
System memory in use before: 56.7 MB.
System memory in use after: 56.8 MB.

Unloading 5 unused Assets to reduce memory usage. Loaded Objects now: 1550.
Total: 1.959700 ms (FindLiveObjects: 0.198300 ms CreateObjectMapping: 0.040400 ms MarkObjects: 1.621100 ms  DeleteObjects: 0.098400 ms)

========================================================================
Received Import Request.
  Time since last request: 55.533485 seconds.
  path: Assets/Material
  artifactKey: Guid(9f5828f6a7d888c4bb55ba9a27daa027) Importer(815301076,1909f56bfc062723c751e8b465ee728b)
Start importing Assets/Material using Guid(9f5828f6a7d888c4bb55ba9a27daa027) Importer(815301076,1909f56bfc062723c751e8b465ee728b)  -> (artifact id: '21cccb203336f3117786915ac3098d1c') in 0.005198 seconds
  Import took 0.007150 seconds .

========================================================================
Received Import Request.
  Time since last request: 14.230910 seconds.
  path: Assets/Material/New Material.mat
  artifactKey: Guid(c0f5dd8d98444d547a21bceba8af6e30) Importer(815301076,1909f56bfc062723c751e8b465ee728b)
Start importing Assets/Material/New Material.mat using Guid(c0f5dd8d98444d547a21bceba8af6e30) Importer(815301076,1909f56bfc062723c751e8b465ee728b)  -> (artifact id: 'a6e87c28e531b3f0902e9c686b136f01') in 0.130923 seconds
  Import took 0.132967 seconds .

========================================================================
Received Prepare
Registering precompiled user dll's ...
Registered in 0.000717 seconds.
Begin MonoManager ReloadAssembly
Native extension for WindowsStandalone target not found
Native extension for WebGL target not found
Refreshing native plugins compatible for Editor in 0.22 ms, found 0 plugins.
Preloading 0 native plugins for Editor in 0.00 ms.
Invoked RoslynAnalysisRunner static constructor.
RoslynAnalysisRunner will not be running.
RoslynAnalysisRunner has terminated.
Mono: successfully reloaded assembly
- Completed reload, in  0.944 seconds
Platform modules already initialized, skipping
Refreshing native plugins compatible for Editor in 0.22 ms, found 0 plugins.
Preloading 0 native plugins for Editor in 0.00 ms.
Unloading 1097 Unused Serialized files (Serialized files now loaded: 0)
System memory in use before: 60.0 MB.
System memory in use after: 60.1 MB.

Unloading 5 unused Assets to reduce memory usage. Loaded Objects now: 1592.
Total: 1.762300 ms (FindLiveObjects: 0.133500 ms CreateObjectMapping: 0.035900 ms MarkObjects: 1.481400 ms  DeleteObjects: 0.109800 ms)

========================================================================
Received Import Request.
  Time since last request: 62.385856 seconds.
  path: Assets/Material/BulletMat.mat
  artifactKey: Guid(48823b74922e62f4a874507c988c4fc8) Importer(815301076,1909f56bfc062723c751e8b465ee728b)
Start importing Assets/Material/BulletMat.mat using Guid(48823b74922e62f4a874507c988c4fc8) Importer(815301076,1909f56bfc062723c751e8b465ee728b)  -> (artifact id: 'b2395e139a05f247ad32d10ca5d6c669') in 0.083291 seconds
  Import took 0.086445 seconds .

========================================================================
Received Import Request.
  Time since last request: 43.876104 seconds.
  path: Assets/Prefabs/Bullet.prefab
  artifactKey: Guid(0f01f461f90369f4fb500f757b4f3dfb) Importer(815301076,1909f56bfc062723c751e8b465ee728b)
Start importing Assets/Prefabs/Bullet.prefab using Guid(0f01f461f90369f4fb500f757b4f3dfb) Importer(815301076,1909f56bfc062723c751e8b465ee728b)  -> (artifact id: '7f20351eb62dc488802bbb499a55baf5') in 0.028768 seconds
  Import took 0.032489 seconds .

========================================================================
Received Import Request.
  Time since last request: 33.959174 seconds.
  path: Assets/Prefabs/Spaceship.prefab
  artifactKey: Guid(c7d57036e40c3a84496d5ecec5c425c8) Importer(815301076,1909f56bfc062723c751e8b465ee728b)
Start importing Assets/Prefabs/Spaceship.prefab using Guid(c7d57036e40c3a84496d5ecec5c425c8) Importer(815301076,1909f56bfc062723c751e8b465ee728b)  -> (artifact id: '4e960c9f342dd597b221aeb99a47a0e9') in 0.017579 seconds
  Import took 0.020309 seconds .

========================================================================
Received Import Request.
  Time since last request: 0.005456 seconds.
  path: Assets/Prefabs/Spaceship.prefab
  artifactKey: Guid(c7d57036e40c3a84496d5ecec5c425c8) Importer(815301076,1909f56bfc062723c751e8b465ee728b)
Start importing Assets/Prefabs/Spaceship.prefab using Guid(c7d57036e40c3a84496d5ecec5c425c8) Importer(815301076,1909f56bfc062723c751e8b465ee728b)  -> (artifact id: '4e960c9f342dd597b221aeb99a47a0e9') in 0.012384 seconds
  Import took 0.015300 seconds .

========================================================================
Received Import Request.
  Time since last request: 83.640232 seconds.
  path: Assets/Prefabs/Bullet.prefab
  artifactKey: Guid(0f01f461f90369f4fb500f757b4f3dfb) Importer(815301076,1909f56bfc062723c751e8b465ee728b)
Start importing Assets/Prefabs/Bullet.prefab using Guid(0f01f461f90369f4fb500f757b4f3dfb) Importer(815301076,1909f56bfc062723c751e8b465ee728b)  -> (artifact id: '0c4a17a2ce039345ee2c5f3ab06fd9a5') in 0.014268 seconds
  Import took 0.016931 seconds .

========================================================================
Received Import Request.
  Time since last request: 0.020813 seconds.
  path: Assets/Prefabs/Bullet.prefab
  artifactKey: Guid(0f01f461f90369f4fb500f757b4f3dfb) Importer(815301076,1909f56bfc062723c751e8b465ee728b)
Start importing Assets/Prefabs/Bullet.prefab using Guid(0f01f461f90369f4fb500f757b4f3dfb) Importer(815301076,1909f56bfc062723c751e8b465ee728b)  -> (artifact id: '0c4a17a2ce039345ee2c5f3ab06fd9a5') in 0.015118 seconds
  Import took 0.018248 seconds .

========================================================================
Received Prepare
Registering precompiled user dll's ...
Registered in 0.001299 seconds.
Begin MonoManager ReloadAssembly
Native extension for WindowsStandalone target not found
Native extension for WebGL target not found
Refreshing native plugins compatible for Editor in 0.25 ms, found 0 plugins.
Preloading 0 native plugins for Editor in 0.00 ms.
Invoked RoslynAnalysisRunner static constructor.
RoslynAnalysisRunner will not be running.
RoslynAnalysisRunner has terminated.
Mono: successfully reloaded assembly
- Completed reload, in  0.880 seconds
Platform modules already initialized, skipping
Refreshing native plugins compatible for Editor in 0.20 ms, found 0 plugins.
Preloading 0 native plugins for Editor in 0.00 ms.
Unloading 1097 Unused Serialized files (Serialized files now loaded: 0)
System memory in use before: 60.1 MB.
System memory in use after: 60.2 MB.

Unloading 6 unused Assets to reduce memory usage. Loaded Objects now: 1597.
Total: 3.490100 ms (FindLiveObjects: 0.299300 ms CreateObjectMapping: 0.073900 ms MarkObjects: 3.019900 ms  DeleteObjects: 0.094800 ms)

========================================================================
Received Import Request.
  Time since last request: 73.517246 seconds.
  path: Assets/Prefabs/Sphere.prefab
  artifactKey: Guid(0aa3f84f32cfab643845ef4d66ed50db) Importer(815301076,1909f56bfc062723c751e8b465ee728b)
Start importing Assets/Prefabs/Sphere.prefab using Guid(0aa3f84f32cfab643845ef4d66ed50db) Importer(815301076,1909f56bfc062723c751e8b465ee728b)  -> (artifact id: '2a92604cbf3452a4f43aa83e6c03c6fc') in 0.084476 seconds
  Import took 0.087404 seconds .

========================================================================
Received Prepare
Registering precompiled user dll's ...
Registered in 0.000806 seconds.
Begin MonoManager ReloadAssembly
Native extension for WindowsStandalone target not found
Native extension for WebGL target not found
Refreshing native plugins compatible for Editor in 0.20 ms, found 0 plugins.
Preloading 0 native plugins for Editor in 0.00 ms.
Invoked RoslynAnalysisRunner static constructor.
RoslynAnalysisRunner will not be running.
RoslynAnalysisRunner has terminated.
Mono: successfully reloaded assembly
- Completed reload, in  0.940 seconds
Platform modules already initialized, skipping
Refreshing native plugins compatible for Editor in 0.19 ms, found 0 plugins.
Preloading 0 native plugins for Editor in 0.00 ms.
Unloading 1097 Unused Serialized files (Serialized files now loaded: 0)
System memory in use before: 60.1 MB.
System memory in use after: 60.2 MB.

Unloading 5 unused Assets to reduce memory usage. Loaded Objects now: 1601.
Total: 1.843200 ms (FindLiveObjects: 0.135200 ms CreateObjectMapping: 0.035500 ms MarkObjects: 1.569800 ms  DeleteObjects: 0.101300 ms)

AssetImportWorkerClient::OnTransportError - code=2 error=End of file
